[debug] [2020-05-15T08:09:37.140Z] ----------------------------------------------------------------------
[debug] [2020-05-15T08:09:37.143Z] Command:       /usr/local/bin/node /Users/wasilewski/.npm-packages/bin/firebase init
[debug] [2020-05-15T08:09:37.143Z] CLI Version:   8.2.0
[debug] [2020-05-15T08:09:37.143Z] Platform:      darwin
[debug] [2020-05-15T08:09:37.144Z] Node Version:  v10.16.3
[debug] [2020-05-15T08:09:37.144Z] Time:          Fri May 15 2020 10:09:37 GMT+0200 (GMT+02:00)
[debug] [2020-05-15T08:09:37.144Z] ----------------------------------------------------------------------
[debug] [2020-05-15T08:09:37.144Z] 
[debug] [2020-05-15T08:09:37.152Z] > command requires scopes: ["email","openid","https://www.googleapis.com/auth/cloudplatformprojects.readonly","https://www.googleapis.com/auth/firebase","https://www.googleapis.com/auth/cloud-platform"]
[debug] [2020-05-15T08:09:37.152Z] > authorizing via signed-in user
[info] 
     ######## #### ########  ######## ########     ###     ######  ########
     ##        ##  ##     ## ##       ##     ##  ##   ##  ##       ##
     ######    ##  ########  ######   ########  #########  ######  ######
     ##        ##  ##    ##  ##       ##     ## ##     ##       ## ##
     ##       #### ##     ## ######## ########  ##     ##  ######  ########

You're about to initialize a Firebase project in this directory:

  /Users/wasilewski/sites/stage/Mainteneo-Cockpit-Expo

Before we get started, keep in mind:

  * You are initializing in an existing Firebase project directory

[info] 
=== Project Setup
[info] 
[info] First, let's associate this project directory with a Firebase project.
[info] You can create multiple project aliases by running firebase use --add, 
[info] but for now we'll just set up a default project.
[info] 
[debug] [2020-05-15T08:09:39.890Z] > refreshing access token with scopes: ["email","https://www.googleapis.com/auth/cloud-platform","https://www.googleapis.com/auth/cloudplatformprojects.readonly","https://www.googleapis.com/auth/firebase","openid"]
[debug] [2020-05-15T08:09:39.891Z] >>> HTTP REQUEST POST https://www.googleapis.com/oauth2/v3/token  
 <request body omitted>
[debug] [2020-05-15T08:09:40.024Z] <<< HTTP RESPONSE 200 {"content-type":"application/json; charset=utf-8","vary":"X-Origin, Referer, Origin,Accept-Encoding","date":"Fri, 15 May 2020 08:09:40 GMT","server":"scaffolding on HTTPServer2","cache-control":"private","x-xss-protection":"0","x-frame-options":"SAMEORIGIN","x-content-type-options":"nosniff","alt-svc":"h3-27=\":443\"; ma=2592000,h3-25=\":443\"; ma=2592000,h3-T050=\":443\"; ma=2592000,h3-Q050=\":443\"; ma=2592000,h3-Q049=\":443\"; ma=2592000,h3-Q048=\":443\"; ma=2592000,h3-Q046=\":443\"; ma=2592000,h3-Q043=\":443\"; ma=2592000,quic=\":443\"; ma=2592000; v=\"46,43\"","accept-ranges":"none","transfer-encoding":"chunked"}
[debug] [2020-05-15T08:09:40.039Z] >>> HTTP REQUEST GET https://firebase.googleapis.com/v1beta1/projects/mainteneo-react-native-dev  
 
[debug] [2020-05-15T08:09:40.335Z] <<< HTTP RESPONSE 403 {"vary":"X-Origin, Referer, Origin,Accept-Encoding","content-type":"application/json; charset=UTF-8","date":"Fri, 15 May 2020 08:09:40 GMT","server":"ESF","cache-control":"private","x-xss-protection":"0","x-frame-options":"SAMEORIGIN","x-content-type-options":"nosniff","alt-svc":"h3-27=\":443\"; ma=2592000,h3-25=\":443\"; ma=2592000,h3-T050=\":443\"; ma=2592000,h3-Q050=\":443\"; ma=2592000,h3-Q049=\":443\"; ma=2592000,h3-Q048=\":443\"; ma=2592000,h3-Q046=\":443\"; ma=2592000,h3-Q043=\":443\"; ma=2592000,quic=\":443\"; ma=2592000; v=\"46,43\"","accept-ranges":"none","transfer-encoding":"chunked"}
[debug] [2020-05-15T08:09:40.335Z] <<< HTTP RESPONSE BODY {"error":{"code":403,"message":"The caller does not have permission","status":"PERMISSION_DENIED"}}
[debug] [2020-05-15T08:09:40.338Z] HTTP Error: 403, The caller does not have permission
[debug] [2020-05-15T08:09:40.417Z] FirebaseError: HTTP Error: 403, The caller does not have permission
    at module.exports (/Users/wasilewski/.npm-packages/lib/node_modules/firebase-tools/lib/responseToError.js:38:12)
    at Request._callback (/Users/wasilewski/.npm-packages/lib/node_modules/firebase-tools/lib/api.js:41:35)
    at Request.self.callback (/Users/wasilewski/.npm-packages/lib/node_modules/firebase-tools/node_modules/request/request.js:185:22)
    at Request.emit (events.js:198:13)
    at Request.EventEmitter.emit (domain.js:448:20)
    at Request.<anonymous> (/Users/wasilewski/.npm-packages/lib/node_modules/firebase-tools/node_modules/request/request.js:1154:10)
    at Request.emit (events.js:198:13)
    at Request.EventEmitter.emit (domain.js:448:20)
    at IncomingMessage.<anonymous> (/Users/wasilewski/.npm-packages/lib/node_modules/firebase-tools/node_modules/request/request.js:1076:12)
    at Object.onceWrapper (events.js:286:20)
    at IncomingMessage.emit (events.js:203:15)
    at IncomingMessage.EventEmitter.emit (domain.js:448:20)
    at endReadableNT (_stream_readable.js:1145:12)
    at process._tickCallback (internal/process/next_tick.js:63:19)
[error] 
[error] Error: Failed to get Firebase project mainteneo-react-native-dev. Please make sure the project exists and your account has permission to access it.
